c:\users\syn\downloads\dayz main 1.26\a\dayz main - 1.27\dayz-external\x64\release\vc143.pdb
c:\users\syn\downloads\dayz main 1.26\a\dayz main - 1.27\dayz-external\x64\release\overlay.obj
c:\users\syn\downloads\dayz main 1.26\a\dayz main - 1.27\dayz-external\x64\release\main.obj
c:\users\syn\downloads\dayz main 1.26\a\dayz main - 1.27\dayz-external\x64\release\imgui_widgets.obj
c:\users\syn\downloads\dayz main 1.26\a\dayz main - 1.27\dayz-external\x64\release\imgui_impl_win32.obj
c:\users\syn\downloads\dayz main 1.26\a\dayz main - 1.27\dayz-external\x64\release\imgui_impl_dx9.obj
c:\users\syn\downloads\dayz main 1.26\a\dayz main - 1.27\dayz-external\x64\release\imgui_draw.obj
c:\users\syn\downloads\dayz main 1.26\a\dayz main - 1.27\dayz-external\x64\release\imgui_demo.obj
c:\users\syn\downloads\dayz main 1.26\a\dayz main - 1.27\dayz-external\x64\release\imgui.obj
c:\users\syn\downloads\dayz main 1.26\a\dayz main - 1.27\dayz-external\x64\release\globals.obj
c:\users\syn\downloads\dayz main 1.26\a\dayz main - 1.27\dayz-external\x64\release\globalvars.obj
c:\users\syn\downloads\dayz main 1.26\a\dayz main - 1.27\dayz-external\x64\release\entity.obj
c:\users\syn\downloads\dayz main 1.26\a\dayz main - 1.27\dayz-external\x64\release\dayz-external.ipdb
c:\users\syn\downloads\dayz main 1.26\a\dayz main - 1.27\dayz-external\x64\release\dayz-external.iobj
c:\users\syn\downloads\desktop\s\dayz-external.exe
c:\users\syn\downloads\dayz main 1.26\a\dayz main - 1.27\dayz-external\x64\release\dayz323.tlog\cl.command.1.tlog
c:\users\syn\downloads\dayz main 1.26\a\dayz main - 1.27\dayz-external\x64\release\dayz323.tlog\cl.items.tlog
c:\users\syn\downloads\dayz main 1.26\a\dayz main - 1.27\dayz-external\x64\release\dayz323.tlog\cl.read.1.tlog
c:\users\syn\downloads\dayz main 1.26\a\dayz main - 1.27\dayz-external\x64\release\dayz323.tlog\cl.write.1.tlog
c:\users\syn\downloads\dayz main 1.26\a\dayz main - 1.27\dayz-external\x64\release\dayz323.tlog\link.command.1.tlog
c:\users\syn\downloads\dayz main 1.26\a\dayz main - 1.27\dayz-external\x64\release\dayz323.tlog\link.read.1.tlog
c:\users\syn\downloads\dayz main 1.26\a\dayz main - 1.27\dayz-external\x64\release\dayz323.tlog\link.secondary.1.tlog
c:\users\syn\downloads\dayz main 1.26\a\dayz main - 1.27\dayz-external\x64\release\dayz323.tlog\link.write.1.tlog
