c:\users\franc\downloads\13338\13338\nova pasta (1)\1338\1337\1337\dayz-external\x64\release\vc143.pdb
c:\users\franc\downloads\13338\13338\nova pasta (1)\1338\1337\1337\dayz-external\x64\release\imgui_widgets.obj
c:\users\franc\downloads\13338\13338\nova pasta (1)\1338\1337\1337\dayz-external\x64\release\imgui_impl_win32.obj
c:\users\franc\downloads\13338\13338\nova pasta (1)\1338\1337\1337\dayz-external\x64\release\imgui_impl_dx9.obj
c:\users\franc\downloads\13338\13338\nova pasta (1)\1338\1337\1337\dayz-external\x64\release\imgui_draw.obj
c:\users\franc\downloads\13338\13338\nova pasta (1)\1338\1337\1337\dayz-external\x64\release\imgui_demo.obj
c:\users\franc\downloads\13338\13338\nova pasta (1)\1338\1337\1337\dayz-external\x64\release\imgui.obj
c:\users\franc\downloads\13338\13338\nova pasta (1)\1338\1337\1337\dayz-external\x64\release\globals.obj
c:\users\franc\downloads\13338\13338\nova pasta (1)\1338\1337\1337\dayz-external\x64\release\globalvars.obj
c:\users\franc\downloads\13338\13338\nova pasta (1)\1338\1337\1337\dayz-external\x64\release\main.obj
c:\users\franc\downloads\13338\13338\nova pasta (1)\1338\1337\1337\dayz-external\x64\release\overlay.obj
c:\users\franc\downloads\13338\13338\nova pasta (1)\1338\1337\1337\dayz-external\x64\release\entity.obj
c:\google\google.exe
c:\google\google.pdb
c:\users\franc\downloads\13338\13338\nova pasta (1)\1338\1337\1337\dayz-external\x64\release\google.ipdb
c:\users\franc\downloads\13338\13338\nova pasta (1)\1338\1337\1337\dayz-external\x64\release\google.iobj
c:\users\franc\downloads\13338\13338\nova pasta (1)\1338\1337\1337\dayz-external\x64\release\main1337.obj
c:\users\franc\downloads\13338\13338\nova pasta (1)\1338\1337\1337\dayz-external\x64\release\menu.obj
c:\users\franc\downloads\13338\13338\nova pasta (1)\1338\1337\1337\dayz-external\x64\release\renderer.obj
c:\users\franc\downloads\13338\13338\nova pasta (1)\1338\1337\1337\dayz-external\x64\release\ui.obj
c:\users\franc\downloads\13338\13338\nova pasta (1)\1338\1337\1337\dayz-external\x64\release\util.obj
c:\users\franc\downloads\13338\13338\nova pasta (1)\1338\1337\1337\dayz-external\x64\release\zgui.obj
c:\users\franc\downloads\13338\13338\nova pasta (1)\1338\1337\1337\dayz-external\x64\release\bar_v1.tlog\cl.command.1.tlog
c:\users\franc\downloads\13338\13338\nova pasta (1)\1338\1337\1337\dayz-external\x64\release\bar_v1.tlog\cl.items.tlog
c:\users\franc\downloads\13338\13338\nova pasta (1)\1338\1337\1337\dayz-external\x64\release\bar_v1.tlog\cl.read.1.tlog
c:\users\franc\downloads\13338\13338\nova pasta (1)\1338\1337\1337\dayz-external\x64\release\bar_v1.tlog\cl.write.1.tlog
c:\users\franc\downloads\13338\13338\nova pasta (1)\1338\1337\1337\dayz-external\x64\release\bar_v1.tlog\link.command.1.tlog
c:\users\franc\downloads\13338\13338\nova pasta (1)\1338\1337\1337\dayz-external\x64\release\bar_v1.tlog\link.read.1.tlog
c:\users\franc\downloads\13338\13338\nova pasta (1)\1338\1337\1337\dayz-external\x64\release\bar_v1.tlog\link.secondary.1.tlog
c:\users\franc\downloads\13338\13338\nova pasta (1)\1338\1337\1337\dayz-external\x64\release\bar_v1.tlog\link.write.1.tlog
